# JRE version: OpenJDK Runtime Environment (11.0.2+9) (build 11.0.2+9)
# Java VM: OpenJDK 64-Bit Server VM (11.0.2+9, mixed mode, tiered, compressed oops, g1 gc, windows-amd64)
Heap:
 garbage-first heap   total 260096K, used 146655K [0x0000000702600000, 0x0000000800000000)
  region size 1024K, 41 young (41984K), 4 survivors (4096K)
 Metaspace       used 30702K, capacity 31774K, committed 32048K, reserved 1077248K
  class space    used 3736K, capacity 4156K, committed 4224K, reserved 1048576K
GC Heap History (6 events):
Event: 1.060 GC heap before
{Heap before GC invocations=0 (full 0):
 garbage-first heap   total 260096K, used 23552K [0x0000000702600000, 0x0000000800000000)
  region size 1024K, 24 young (24576K), 0 survivors (0K)
 Metaspace       used 13119K, capacity 13481K, committed 13568K, reserved 1060864K
  class space    used 1353K, capacity 1488K, committed 1536K, reserved 1048576K
}
Event: 1.064 GC heap after
{Heap after GC invocations=1 (full 0):
 garbage-first heap   total 260096K, used 3805K [0x0000000702600000, 0x0000000800000000)
  region size 1024K, 3 young (3072K), 3 survivors (3072K)
 Metaspace       used 13119K, capacity 13481K, committed 13568K, reserved 1060864K
  class space    used 1353K, capacity 1488K, committed 1536K, reserved 1048576K
}
Event: 1.596 GC heap before
{Heap before GC invocations=1 (full 0):
 garbage-first heap   total 260096K, used 32477K [0x0000000702600000, 0x0000000800000000)
  region size 1024K, 32 young (32768K), 3 survivors (3072K)
 Metaspace       used 20431K, capacity 21077K, committed 21296K, reserved 1067008K
  class space    used 2545K, capacity 2828K, committed 2944K, reserved 1048576K
}
Event: 1.602 GC heap after
{Heap after GC invocations=2 (full 0):
 garbage-first heap   total 260096K, used 6802K [0x0000000702600000, 0x0000000800000000)
  region size 1024K, 6 young (6144K), 6 survivors (6144K)
 Metaspace       used 20431K, capacity 21077K, committed 21296K, reserved 1067008K
  class space    used 2545K, capacity 2828K, committed 2944K, reserved 1048576K
}
Event: 20.619 GC heap before
{Heap before GC invocations=3 (full 0):
 garbage-first heap   total 260096K, used 40594K [0x0000000702600000, 0x0000000800000000)
  region size 1024K, 38 young (38912K), 6 survivors (6144K)
 Metaspace       used 29302K, capacity 30307K, committed 30384K, reserved 1075200K
  class space    used 3614K, capacity 4049K, committed 4096K, reserved 1048576K
}
Event: 20.626 GC heap after
{Heap after GC invocations=4 (full 0):
 garbage-first heap   total 260096K, used 12511K [0x0000000702600000, 0x0000000800000000)
  region size 1024K, 4 young (4096K), 4 survivors (4096K)
 Metaspace       used 29302K, capacity 30307K, committed 30384K, reserved 1075200K
  class space    used 3614K, capacity 4049K, committed 4096K, reserved 1048576K
}

