# JRE version: OpenJDK Runtime Environment (11.0.2+9) (build 11.0.2+9)
# Java VM: OpenJDK 64-Bit Server VM (11.0.2+9, mixed mode, tiered, compressed oops, g1 gc, windows-amd64)
Heap:
 garbage-first heap   total 260096K, used 249258K [0x0000000702600000, 0x0000000800000000)
  region size 1024K, 9 young (9216K), 2 survivors (2048K)
 Metaspace       used 30623K, capacity 31677K, committed 31792K, reserved 1077248K
  class space    used 3731K, capacity 4190K, committed 4224K, reserved 1048576K
GC Heap History (10 events):
Event: 364.705 GC heap before
{Heap before GC invocations=4 (full 0):
 garbage-first heap   total 260096K, used 147041K [0x0000000702600000, 0x0000000800000000)
  region size 1024K, 46 young (47104K), 4 survivors (4096K)
 Metaspace       used 30162K, capacity 31247K, committed 31536K, reserved 1077248K
  class space    used 3690K, capacity 4152K, committed 4224K, reserved 1048576K
}
Event: 364.710 GC heap after
{Heap after GC invocations=5 (full 0):
 garbage-first heap   total 260096K, used 15616K [0x0000000702600000, 0x0000000800000000)
  region size 1024K, 5 young (5120K), 5 survivors (5120K)
 Metaspace       used 30162K, capacity 31247K, committed 31536K, reserved 1077248K
  class space    used 3690K, capacity 4152K, committed 4224K, reserved 1048576K
}
Event: 365.035 GC heap before
{Heap before GC invocations=6 (full 0):
 garbage-first heap   total 260096K, used 188672K [0x0000000702600000, 0x0000000800000000)
  region size 1024K, 92 young (94208K), 5 survivors (5120K)
 Metaspace       used 30169K, capacity 31247K, committed 31536K, reserved 1077248K
  class space    used 3690K, capacity 4152K, committed 4224K, reserved 1048576K
}
Event: 365.039 GC heap after
{Heap after GC invocations=7 (full 0):
 garbage-first heap   total 260096K, used 100751K [0x0000000702600000, 0x0000000800000000)
  region size 1024K, 4 young (4096K), 4 survivors (4096K)
 Metaspace       used 30169K, capacity 31247K, committed 31536K, reserved 1077248K
  class space    used 3690K, capacity 4152K, committed 4224K, reserved 1048576K
}
Event: 365.062 GC heap before
{Heap before GC invocations=8 (full 0):
 garbage-first heap   total 260096K, used 130447K [0x0000000702600000, 0x0000000800000000)
  region size 1024K, 6 young (6144K), 4 survivors (4096K)
 Metaspace       used 30169K, capacity 31247K, committed 31536K, reserved 1077248K
  class space    used 3690K, capacity 4152K, committed 4224K, reserved 1048576K
}
Event: 365.066 GC heap after
{Heap after GC invocations=9 (full 0):
 garbage-first heap   total 260096K, used 129258K [0x0000000702600000, 0x0000000800000000)
  region size 1024K, 4 young (4096K), 4 survivors (4096K)
 Metaspace       used 30169K, capacity 31247K, committed 31536K, reserved 1077248K
  class space    used 3690K, capacity 4152K, committed 4224K, reserved 1048576K
}
Event: 365.129 GC heap before
{Heap before GC invocations=10 (full 0):
 garbage-first heap   total 260096K, used 187626K [0x0000000702600000, 0x0000000800000000)
  region size 1024K, 6 young (6144K), 4 survivors (4096K)
 Metaspace       used 30169K, capacity 31247K, committed 31536K, reserved 1077248K
  class space    used 3690K, capacity 4152K, committed 4224K, reserved 1048576K
}
Event: 365.133 GC heap after
{Heap after GC invocations=11 (full 0):
 garbage-first heap   total 260096K, used 186734K [0x0000000702600000, 0x0000000800000000)
  region size 1024K, 4 young (4096K), 4 survivors (4096K)
 Metaspace       used 30169K, capacity 31247K, committed 31536K, reserved 1077248K
  class space    used 3690K, capacity 4152K, committed 4224K, reserved 1048576K
}
Event: 365.150 GC heap before
{Heap before GC invocations=12 (full 0):
 garbage-first heap   total 260096K, used 215406K [0x0000000702600000, 0x0000000800000000)
  region size 1024K, 5 young (5120K), 4 survivors (4096K)
 Metaspace       used 30169K, capacity 31247K, committed 31536K, reserved 1077248K
  class space    used 3690K, capacity 4152K, committed 4224K, reserved 1048576K
}
Event: 365.154 GC heap after
{Heap after GC invocations=13 (full 0):
 garbage-first heap   total 260096K, used 186794K [0x0000000702600000, 0x0000000800000000)
  region size 1024K, 2 young (2048K), 2 survivors (2048K)
 Metaspace       used 30169K, capacity 31247K, committed 31536K, reserved 1077248K
  class space    used 3690K, capacity 4152K, committed 4224K, reserved 1048576K
}

