# JRE version: OpenJDK Runtime Environment (11.0.2+9) (build 11.0.2+9)
# Java VM: OpenJDK 64-Bit Server VM (11.0.2+9, mixed mode, tiered, compressed oops, g1 gc, windows-amd64)
Heap:
 garbage-first heap   total 260096K, used 108432K [0x0000000702600000, 0x0000000800000000)
  region size 1024K, 14 young (14336K), 5 survivors (5120K)
 Metaspace       used 31056K, capacity 32152K, committed 32432K, reserved 1077248K
  class space    used 3780K, capacity 4242K, committed 4352K, reserved 1048576K
GC Heap History (10 events):
Event: 1.498 GC heap before
{Heap before GC invocations=1 (full 0):
 garbage-first heap   total 260096K, used 33776K [0x0000000702600000, 0x0000000800000000)
  region size 1024K, 33 young (33792K), 3 survivors (3072K)
 Metaspace       used 20423K, capacity 21077K, committed 21296K, reserved 1067008K
  class space    used 2541K, capacity 2828K, committed 2944K, reserved 1048576K
}
Event: 1.502 GC heap after
{Heap after GC invocations=2 (full 0):
 garbage-first heap   total 260096K, used 6743K [0x0000000702600000, 0x0000000800000000)
  region size 1024K, 6 young (6144K), 6 survivors (6144K)
 Metaspace       used 20423K, capacity 21077K, committed 21296K, reserved 1067008K
  class space    used 2541K, capacity 2828K, committed 2944K, reserved 1048576K
}
Event: 10.454 GC heap before
{Heap before GC invocations=3 (full 0):
 garbage-first heap   total 260096K, used 74327K [0x0000000702600000, 0x0000000800000000)
  region size 1024K, 40 young (40960K), 6 survivors (6144K)
 Metaspace       used 30059K, capacity 31097K, committed 31280K, reserved 1077248K
  class space    used 3712K, capacity 4147K, committed 4224K, reserved 1048576K
}
Event: 10.464 GC heap after
{Heap after GC invocations=4 (full 0):
 garbage-first heap   total 260096K, used 44864K [0x0000000702600000, 0x0000000800000000)
  region size 1024K, 4 young (4096K), 4 survivors (4096K)
 Metaspace       used 30059K, capacity 31097K, committed 31280K, reserved 1077248K
  class space    used 3712K, capacity 4147K, committed 4224K, reserved 1048576K
}
Event: 719.430 GC heap before
{Heap before GC invocations=4 (full 0):
 garbage-first heap   total 260096K, used 156480K [0x0000000702600000, 0x0000000800000000)
  region size 1024K, 43 young (44032K), 4 survivors (4096K)
 Metaspace       used 30475K, capacity 31532K, committed 31792K, reserved 1077248K
  class space    used 3742K, capacity 4185K, committed 4224K, reserved 1048576K
}
Event: 719.436 GC heap after
{Heap after GC invocations=5 (full 0):
 garbage-first heap   total 260096K, used 45258K [0x0000000702600000, 0x0000000800000000)
  region size 1024K, 4 young (4096K), 4 survivors (4096K)
 Metaspace       used 30475K, capacity 31532K, committed 31792K, reserved 1077248K
  class space    used 3742K, capacity 4185K, committed 4224K, reserved 1048576K
}
Event: 719.812 GC heap before
{Heap before GC invocations=6 (full 0):
 garbage-first heap   total 260096K, used 135370K [0x0000000702600000, 0x0000000800000000)
  region size 1024K, 34 young (34816K), 4 survivors (4096K)
 Metaspace       used 30476K, capacity 31532K, committed 31792K, reserved 1077248K
  class space    used 3742K, capacity 4185K, committed 4224K, reserved 1048576K
}
Event: 719.818 GC heap after
{Heap after GC invocations=7 (full 0):
 garbage-first heap   total 260096K, used 102687K [0x0000000702600000, 0x0000000800000000)
  region size 1024K, 4 young (4096K), 4 survivors (4096K)
 Metaspace       used 30476K, capacity 31532K, committed 31792K, reserved 1077248K
  class space    used 3742K, capacity 4185K, committed 4224K, reserved 1048576K
}
Event: 753.985 GC heap before
{Heap before GC invocations=8 (full 0):
 garbage-first heap   total 260096K, used 134431K [0x0000000702600000, 0x0000000800000000)
  region size 1024K, 9 young (9216K), 4 survivors (4096K)
 Metaspace       used 30661K, capacity 31738K, committed 31920K, reserved 1077248K
  class space    used 3768K, capacity 4232K, committed 4352K, reserved 1048576K
}
Event: 753.988 GC heap after
{Heap after GC invocations=9 (full 0):
 garbage-first heap   total 260096K, used 99216K [0x0000000702600000, 0x0000000800000000)
  region size 1024K, 5 young (5120K), 5 survivors (5120K)
 Metaspace       used 30661K, capacity 31738K, committed 31920K, reserved 1077248K
  class space    used 3768K, capacity 4232K, committed 4352K, reserved 1048576K
}

