# JRE version: OpenJDK Runtime Environment (11.0.2+9) (build 11.0.2+9)
# Java VM: OpenJDK 64-Bit Server VM (11.0.2+9, mixed mode, tiered, compressed oops, g1 gc, windows-amd64)
Heap:
 garbage-first heap   total 374784K, used 138568K [0x0000000702600000, 0x0000000800000000)
  region size 1024K, 12 young (12288K), 2 survivors (2048K)
 Metaspace       used 29462K, capacity 30469K, committed 30768K, reserved 1075200K
  class space    used 3661K, capacity 4106K, committed 4224K, reserved 1048576K
GC Heap History (10 events):
Event: 15.221 GC heap before
{Heap before GC invocations=8 (full 0):
 garbage-first heap   total 260096K, used 188089K [0x0000000702600000, 0x0000000800000000)
  region size 1024K, 66 young (67584K), 4 survivors (4096K)
 Metaspace       used 29421K, capacity 30474K, committed 30768K, reserved 1075200K
  class space    used 3660K, capacity 4108K, committed 4224K, reserved 1048576K
}
Event: 15.225 GC heap after
{Heap after GC invocations=9 (full 0):
 garbage-first heap   total 260096K, used 126818K [0x0000000702600000, 0x0000000800000000)
  region size 1024K, 4 young (4096K), 4 survivors (4096K)
 Metaspace       used 29421K, capacity 30474K, committed 30768K, reserved 1075200K
  class space    used 3660K, capacity 4108K, committed 4224K, reserved 1048576K
}
Event: 15.253 GC heap before
{Heap before GC invocations=10 (full 0):
 garbage-first heap   total 260096K, used 184162K [0x0000000702600000, 0x0000000800000000)
  region size 1024K, 5 young (5120K), 4 survivors (4096K)
 Metaspace       used 29421K, capacity 30474K, committed 30768K, reserved 1075200K
  class space    used 3660K, capacity 4108K, committed 4224K, reserved 1048576K
}
Event: 15.256 GC heap after
{Heap after GC invocations=11 (full 0):
 garbage-first heap   total 260096K, used 184181K [0x0000000702600000, 0x0000000800000000)
  region size 1024K, 4 young (4096K), 4 survivors (4096K)
 Metaspace       used 29421K, capacity 30474K, committed 30768K, reserved 1075200K
  class space    used 3660K, capacity 4108K, committed 4224K, reserved 1048576K
}
Event: 15.280 GC heap before
{Heap before GC invocations=12 (full 0):
 garbage-first heap   total 260096K, used 212853K [0x0000000702600000, 0x0000000800000000)
  region size 1024K, 5 young (5120K), 4 survivors (4096K)
 Metaspace       used 29421K, capacity 30474K, committed 30768K, reserved 1075200K
  class space    used 3660K, capacity 4108K, committed 4224K, reserved 1048576K
}
Event: 15.283 GC heap after
{Heap after GC invocations=13 (full 0):
 garbage-first heap   total 260096K, used 213090K [0x0000000702600000, 0x0000000800000000)
  region size 1024K, 1 young (1024K), 1 survivors (1024K)
 Metaspace       used 29421K, capacity 30474K, committed 30768K, reserved 1075200K
  class space    used 3660K, capacity 4108K, committed 4224K, reserved 1048576K
}
Event: 15.328 GC heap before
{Heap before GC invocations=14 (full 0):
 garbage-first heap   total 260096K, used 241762K [0x0000000702600000, 0x0000000800000000)
  region size 1024K, 2 young (2048K), 1 survivors (1024K)
 Metaspace       used 29421K, capacity 30474K, committed 30768K, reserved 1075200K
  class space    used 3660K, capacity 4108K, committed 4224K, reserved 1048576K
}
Event: 15.330 GC heap after
{Heap after GC invocations=15 (full 0):
 garbage-first heap   total 260096K, used 241442K [0x0000000702600000, 0x0000000800000000)
  region size 1024K, 1 young (1024K), 1 survivors (1024K)
 Metaspace       used 29421K, capacity 30474K, committed 30768K, reserved 1075200K
  class space    used 3660K, capacity 4108K, committed 4224K, reserved 1048576K
}
Event: 70.610 GC heap before
{Heap before GC invocations=16 (full 0):
 garbage-first heap   total 374784K, used 359202K [0x0000000702600000, 0x0000000800000000)
  region size 1024K, 6 young (6144K), 1 survivors (1024K)
 Metaspace       used 29435K, capacity 30469K, committed 30768K, reserved 1075200K
  class space    used 3660K, capacity 4106K, committed 4224K, reserved 1048576K
}
Event: 70.612 GC heap after
{Heap after GC invocations=17 (full 0):
 garbage-first heap   total 374784K, used 128328K [0x0000000702600000, 0x0000000800000000)
  region size 1024K, 2 young (2048K), 2 survivors (2048K)
 Metaspace       used 29435K, capacity 30469K, committed 30768K, reserved 1075200K
  class space    used 3660K, capacity 4106K, committed 4224K, reserved 1048576K
}

