# JRE version: OpenJDK Runtime Environment (11.0.2+9) (build 11.0.2+9)
# Java VM: OpenJDK 64-Bit Server VM (11.0.2+9, mixed mode, tiered, compressed oops, g1 gc, windows-amd64)
Heap:
 garbage-first heap   total 260096K, used 141458K [0x0000000702600000, 0x0000000800000000)
  region size 1024K, 38 young (38912K), 6 survivors (6144K)
 Metaspace       used 30333K, capacity 31398K, committed 31536K, reserved 1077248K
  class space    used 3741K, capacity 4183K, committed 4224K, reserved 1048576K
GC Heap History (6 events):
Event: 1.025 GC heap before
{Heap before GC invocations=0 (full 0):
 garbage-first heap   total 260096K, used 23552K [0x0000000702600000, 0x0000000800000000)
  region size 1024K, 24 young (24576K), 0 survivors (0K)
 Metaspace       used 13127K, capacity 13481K, committed 13568K, reserved 1060864K
  class space    used 1352K, capacity 1488K, committed 1536K, reserved 1048576K
}
Event: 1.028 GC heap after
{Heap after GC invocations=1 (full 0):
 garbage-first heap   total 260096K, used 3937K [0x0000000702600000, 0x0000000800000000)
  region size 1024K, 3 young (3072K), 3 survivors (3072K)
 Metaspace       used 13127K, capacity 13481K, committed 13568K, reserved 1060864K
  class space    used 1352K, capacity 1488K, committed 1536K, reserved 1048576K
}
Event: 1.538 GC heap before
{Heap before GC invocations=1 (full 0):
 garbage-first heap   total 260096K, used 32609K [0x0000000702600000, 0x0000000800000000)
  region size 1024K, 32 young (32768K), 3 survivors (3072K)
 Metaspace       used 20422K, capacity 21077K, committed 21296K, reserved 1067008K
  class space    used 2541K, capacity 2828K, committed 2944K, reserved 1048576K
}
Event: 1.542 GC heap after
{Heap after GC invocations=2 (full 0):
 garbage-first heap   total 260096K, used 6756K [0x0000000702600000, 0x0000000800000000)
  region size 1024K, 6 young (6144K), 6 survivors (6144K)
 Metaspace       used 20422K, capacity 21077K, committed 21296K, reserved 1067008K
  class space    used 2541K, capacity 2828K, committed 2944K, reserved 1048576K
}
Event: 12.331 GC heap before
{Heap before GC invocations=3 (full 0):
 garbage-first heap   total 260096K, used 78436K [0x0000000702600000, 0x0000000800000000)
  region size 1024K, 41 young (41984K), 6 survivors (6144K)
 Metaspace       used 30054K, capacity 31097K, committed 31280K, reserved 1077248K
  class space    used 3713K, capacity 4147K, committed 4224K, reserved 1048576K
}
Event: 12.337 GC heap after
{Heap after GC invocations=4 (full 0):
 garbage-first heap   total 260096K, used 47250K [0x0000000702600000, 0x0000000800000000)
  region size 1024K, 6 young (6144K), 6 survivors (6144K)
 Metaspace       used 30054K, capacity 31097K, committed 31280K, reserved 1077248K
  class space    used 3713K, capacity 4147K, committed 4224K, reserved 1048576K
}

