# JRE version: OpenJDK Runtime Environment (11.0.2+9) (build 11.0.2+9)
# Java VM: OpenJDK 64-Bit Server VM (11.0.2+9, mixed mode, tiered, compressed oops, g1 gc, windows-amd64)
Heap:
 garbage-first heap   total 260096K, used 104977K [0x0000000702600000, 0x0000000800000000)
  region size 1024K, 24 young (24576K), 6 survivors (6144K)
 Metaspace       used 31381K, capacity 32514K, committed 32688K, reserved 1077248K
  class space    used 3791K, capacity 4254K, committed 4352K, reserved 1048576K
GC Heap History (10 events):
Event: 1.417 GC heap before
{Heap before GC invocations=1 (full 0):
 garbage-first heap   total 260096K, used 33735K [0x0000000702600000, 0x0000000800000000)
  region size 1024K, 33 young (33792K), 3 survivors (3072K)
 Metaspace       used 20425K, capacity 21077K, committed 21296K, reserved 1067008K
  class space    used 2545K, capacity 2828K, committed 2944K, reserved 1048576K
}
Event: 1.422 GC heap after
{Heap after GC invocations=2 (full 0):
 garbage-first heap   total 260096K, used 6718K [0x0000000702600000, 0x0000000800000000)
  region size 1024K, 6 young (6144K), 6 survivors (6144K)
 Metaspace       used 20425K, capacity 21077K, committed 21296K, reserved 1067008K
  class space    used 2545K, capacity 2828K, committed 2944K, reserved 1048576K
}
Event: 11.389 GC heap before
{Heap before GC invocations=3 (full 0):
 garbage-first heap   total 260096K, used 37438K [0x0000000702600000, 0x0000000800000000)
  region size 1024K, 35 young (35840K), 6 survivors (6144K)
 Metaspace       used 28309K, capacity 29348K, committed 29616K, reserved 1075200K
  class space    used 3557K, capacity 4010K, committed 4096K, reserved 1048576K
}
Event: 11.395 GC heap after
{Heap after GC invocations=4 (full 0):
 garbage-first heap   total 260096K, used 12305K [0x0000000702600000, 0x0000000800000000)
  region size 1024K, 4 young (4096K), 4 survivors (4096K)
 Metaspace       used 28309K, capacity 29348K, committed 29616K, reserved 1075200K
  class space    used 3557K, capacity 4010K, committed 4096K, reserved 1048576K
}
Event: 81.820 GC heap before
{Heap before GC invocations=4 (full 0):
 garbage-first heap   total 260096K, used 160785K [0x0000000702600000, 0x0000000800000000)
  region size 1024K, 47 young (48128K), 4 survivors (4096K)
 Metaspace       used 30399K, capacity 31462K, committed 31536K, reserved 1077248K
  class space    used 3740K, capacity 4183K, committed 4224K, reserved 1048576K
}
Event: 81.825 GC heap after
{Heap after GC invocations=5 (full 0):
 garbage-first heap   total 260096K, used 49531K [0x0000000702600000, 0x0000000800000000)
  region size 1024K, 4 young (4096K), 4 survivors (4096K)
 Metaspace       used 30399K, capacity 31462K, committed 31536K, reserved 1077248K
  class space    used 3740K, capacity 4183K, committed 4224K, reserved 1048576K
}
Event: 89.311 GC heap before
{Heap before GC invocations=6 (full 0):
 garbage-first heap   total 260096K, used 141691K [0x0000000702600000, 0x0000000800000000)
  region size 1024K, 36 young (36864K), 4 survivors (4096K)
 Metaspace       used 30542K, capacity 31634K, committed 31792K, reserved 1077248K
  class space    used 3755K, capacity 4219K, committed 4224K, reserved 1048576K
}
Event: 89.316 GC heap after
{Heap after GC invocations=7 (full 0):
 garbage-first heap   total 260096K, used 98586K [0x0000000702600000, 0x0000000800000000)
  region size 1024K, 4 young (4096K), 4 survivors (4096K)
 Metaspace       used 30542K, capacity 31634K, committed 31792K, reserved 1077248K
  class space    used 3755K, capacity 4219K, committed 4224K, reserved 1048576K
}
Event: 100.916 GC heap before
{Heap before GC invocations=8 (full 0):
 garbage-first heap   total 260096K, used 134426K [0x0000000702600000, 0x0000000800000000)
  region size 1024K, 13 young (13312K), 4 survivors (4096K)
 Metaspace       used 31073K, capacity 32150K, committed 32432K, reserved 1077248K
  class space    used 3782K, capacity 4240K, committed 4352K, reserved 1048576K
}
Event: 100.922 GC heap after
{Heap after GC invocations=9 (full 0):
 garbage-first heap   total 260096K, used 72209K [0x0000000702600000, 0x0000000800000000)
  region size 1024K, 6 young (6144K), 6 survivors (6144K)
 Metaspace       used 31073K, capacity 32150K, committed 32432K, reserved 1077248K
  class space    used 3782K, capacity 4240K, committed 4352K, reserved 1048576K
}

