# JRE version: OpenJDK Runtime Environment (11.0.2+9) (build 11.0.2+9)
# Java VM: OpenJDK 64-Bit Server VM (11.0.2+9, mixed mode, tiered, compressed oops, g1 gc, windows-amd64)
Heap:
 garbage-first heap   total 260096K, used 142077K [0x0000000702600000, 0x0000000800000000)
  region size 1024K, 45 young (46080K), 9 survivors (9216K)
 Metaspace       used 32495K, capacity 33635K, committed 33712K, reserved 1079296K
  class space    used 3897K, capacity 4347K, committed 4352K, reserved 1048576K
GC Heap History (10 events):
Event: 0.941 GC heap before
{Heap before GC invocations=0 (full 0):
 garbage-first heap   total 260096K, used 23552K [0x0000000702600000, 0x0000000800000000)
  region size 1024K, 24 young (24576K), 0 survivors (0K)
 Metaspace       used 13070K, capacity 13449K, committed 13568K, reserved 1060864K
  class space    used 1356K, capacity 1520K, committed 1536K, reserved 1048576K
}
Event: 0.945 GC heap after
{Heap after GC invocations=1 (full 0):
 garbage-first heap   total 260096K, used 3818K [0x0000000702600000, 0x0000000800000000)
  region size 1024K, 3 young (3072K), 3 survivors (3072K)
 Metaspace       used 13070K, capacity 13449K, committed 13568K, reserved 1060864K
  class space    used 1356K, capacity 1520K, committed 1536K, reserved 1048576K
}
Event: 1.432 GC heap before
{Heap before GC invocations=1 (full 0):
 garbage-first heap   total 260096K, used 33514K [0x0000000702600000, 0x0000000800000000)
  region size 1024K, 33 young (33792K), 3 survivors (3072K)
 Metaspace       used 20417K, capacity 21077K, committed 21296K, reserved 1067008K
  class space    used 2544K, capacity 2828K, committed 2944K, reserved 1048576K
}
Event: 1.437 GC heap after
{Heap after GC invocations=2 (full 0):
 garbage-first heap   total 260096K, used 6805K [0x0000000702600000, 0x0000000800000000)
  region size 1024K, 6 young (6144K), 6 survivors (6144K)
 Metaspace       used 20417K, capacity 21077K, committed 21296K, reserved 1067008K
  class space    used 2544K, capacity 2828K, committed 2944K, reserved 1048576K
}
Event: 14.623 GC heap before
{Heap before GC invocations=3 (full 0):
 garbage-first heap   total 260096K, used 40597K [0x0000000702600000, 0x0000000800000000)
  region size 1024K, 37 young (37888K), 6 survivors (6144K)
 Metaspace       used 28843K, capacity 29884K, committed 30128K, reserved 1075200K
  class space    used 3595K, capacity 4020K, committed 4096K, reserved 1048576K
}
Event: 14.630 GC heap after
{Heap after GC invocations=4 (full 0):
 garbage-first heap   total 260096K, used 12404K [0x0000000702600000, 0x0000000800000000)
  region size 1024K, 4 young (4096K), 4 survivors (4096K)
 Metaspace       used 28843K, capacity 29884K, committed 30128K, reserved 1075200K
  class space    used 3595K, capacity 4020K, committed 4096K, reserved 1048576K
}
Event: 135.870 GC heap before
{Heap before GC invocations=4 (full 0):
 garbage-first heap   total 260096K, used 170100K [0x0000000702600000, 0x0000000800000000)
  region size 1024K, 56 young (57344K), 4 survivors (4096K)
 Metaspace       used 30918K, capacity 32034K, committed 32176K, reserved 1077248K
  class space    used 3778K, capacity 4245K, committed 4352K, reserved 1048576K
}
Event: 135.876 GC heap after
{Heap after GC invocations=5 (full 0):
 garbage-first heap   total 260096K, used 17433K [0x0000000702600000, 0x0000000800000000)
  region size 1024K, 7 young (7168K), 7 survivors (7168K)
 Metaspace       used 30918K, capacity 32034K, committed 32176K, reserved 1077248K
  class space    used 3778K, capacity 4245K, committed 4352K, reserved 1048576K
}
Event: 359.113 GC heap before
{Heap before GC invocations=6 (full 0):
 garbage-first heap   total 260096K, used 161817K [0x0000000702600000, 0x0000000800000000)
  region size 1024K, 58 young (59392K), 7 survivors (7168K)
 Metaspace       used 32465K, capacity 33565K, committed 33712K, reserved 1079296K
  class space    used 3895K, capacity 4345K, committed 4352K, reserved 1048576K
}
Event: 359.118 GC heap after
{Heap after GC invocations=7 (full 0):
 garbage-first heap   total 260096K, used 19197K [0x0000000702600000, 0x0000000800000000)
  region size 1024K, 9 young (9216K), 9 survivors (9216K)
 Metaspace       used 32465K, capacity 33565K, committed 33712K, reserved 1079296K
  class space    used 3895K, capacity 4345K, committed 4352K, reserved 1048576K
}

