# JRE version: OpenJDK Runtime Environment (11.0.2+9) (build 11.0.2+9)
# Java VM: OpenJDK 64-Bit Server VM (11.0.2+9, mixed mode, tiered, compressed oops, g1 gc, windows-amd64)
Heap:
 garbage-first heap   total 260096K, used 187955K [0x0000000702600000, 0x0000000800000000)
  region size 1024K, 7 young (7168K), 1 survivors (1024K)
 Metaspace       used 29851K, capacity 30890K, committed 31024K, reserved 1077248K
  class space    used 3700K, capacity 4141K, committed 4224K, reserved 1048576K
GC Heap History (10 events):
Event: 11.028 GC heap before
{Heap before GC invocations=9 (full 0):
 garbage-first heap   total 260096K, used 185957K [0x0000000702600000, 0x0000000800000000)
  region size 1024K, 5 young (5120K), 4 survivors (4096K)
 Metaspace       used 29381K, capacity 30465K, committed 30768K, reserved 1075200K
  class space    used 3658K, capacity 4105K, committed 4224K, reserved 1048576K
}
Event: 11.031 GC heap after
{Heap after GC invocations=10 (full 0):
 garbage-first heap   total 260096K, used 186019K [0x0000000702600000, 0x0000000800000000)
  region size 1024K, 4 young (4096K), 4 survivors (4096K)
 Metaspace       used 29381K, capacity 30465K, committed 30768K, reserved 1075200K
  class space    used 3658K, capacity 4105K, committed 4224K, reserved 1048576K
}
Event: 11.054 GC heap before
{Heap before GC invocations=11 (full 0):
 garbage-first heap   total 260096K, used 243363K [0x0000000702600000, 0x0000000800000000)
  region size 1024K, 5 young (5120K), 4 survivors (4096K)
 Metaspace       used 29381K, capacity 30465K, committed 30768K, reserved 1075200K
  class space    used 3658K, capacity 4105K, committed 4224K, reserved 1048576K
}
Event: 11.057 GC heap after
{Heap after GC invocations=12 (full 0):
 garbage-first heap   total 260096K, used 186018K [0x0000000702600000, 0x0000000800000000)
  region size 1024K, 4 young (4096K), 4 survivors (4096K)
 Metaspace       used 29381K, capacity 30465K, committed 30768K, reserved 1075200K
  class space    used 3658K, capacity 4105K, committed 4224K, reserved 1048576K
}
Event: 15.416 GC heap before
{Heap before GC invocations=13 (full 0):
 garbage-first heap   total 260096K, used 216738K [0x0000000702600000, 0x0000000800000000)
  region size 1024K, 7 young (7168K), 4 survivors (4096K)
 Metaspace       used 29854K, capacity 30899K, committed 31024K, reserved 1077248K
  class space    used 3702K, capacity 4144K, committed 4224K, reserved 1048576K
}
Event: 15.420 GC heap after
{Heap after GC invocations=14 (full 0):
 garbage-first heap   total 260096K, used 98159K [0x0000000702600000, 0x0000000800000000)
  region size 1024K, 1 young (1024K), 1 survivors (1024K)
 Metaspace       used 29854K, capacity 30899K, committed 31024K, reserved 1077248K
  class space    used 3702K, capacity 4144K, committed 4224K, reserved 1048576K
}
Event: 15.675 GC heap before
{Heap before GC invocations=15 (full 0):
 garbage-first heap   total 260096K, used 155503K [0x0000000702600000, 0x0000000800000000)
  region size 1024K, 30 young (30720K), 1 survivors (1024K)
 Metaspace       used 29854K, capacity 30899K, committed 31024K, reserved 1077248K
  class space    used 3702K, capacity 4144K, committed 4224K, reserved 1048576K
}
Event: 15.677 GC heap after
{Heap after GC invocations=16 (full 0):
 garbage-first heap   total 260096K, used 126596K [0x0000000702600000, 0x0000000800000000)
  region size 1024K, 1 young (1024K), 1 survivors (1024K)
 Metaspace       used 29854K, capacity 30899K, committed 31024K, reserved 1077248K
  class space    used 3702K, capacity 4144K, committed 4224K, reserved 1048576K
}
Event: 15.734 GC heap before
{Heap before GC invocations=17 (full 0):
 garbage-first heap   total 260096K, used 155268K [0x0000000702600000, 0x0000000800000000)
  region size 1024K, 2 young (2048K), 1 survivors (1024K)
 Metaspace       used 29848K, capacity 30890K, committed 31024K, reserved 1077248K
  class space    used 3700K, capacity 4141K, committed 4224K, reserved 1048576K
}
Event: 15.736 GC heap after
{Heap after GC invocations=18 (full 0):
 garbage-first heap   total 260096K, used 155187K [0x0000000702600000, 0x0000000800000000)
  region size 1024K, 1 young (1024K), 1 survivors (1024K)
 Metaspace       used 29848K, capacity 30890K, committed 31024K, reserved 1077248K
  class space    used 3700K, capacity 4141K, committed 4224K, reserved 1048576K
}

