# JRE version: OpenJDK Runtime Environment (11.0.2+9) (build 11.0.2+9)
# Java VM: OpenJDK 64-Bit Server VM (11.0.2+9, mixed mode, tiered, compressed oops, g1 gc, windows-amd64)
Heap:
 garbage-first heap   total 260096K, used 38059K [0x0000000702600000, 0x0000000800000000)
  region size 1024K, 15 young (15360K), 7 survivors (7168K)
 Metaspace       used 31051K, capacity 32091K, committed 32432K, reserved 1077248K
  class space    used 3779K, capacity 4242K, committed 4352K, reserved 1048576K
GC Heap History (10 events):
Event: 1.049 GC heap before
{Heap before GC invocations=0 (full 0):
 garbage-first heap   total 260096K, used 23552K [0x0000000702600000, 0x0000000800000000)
  region size 1024K, 24 young (24576K), 0 survivors (0K)
 Metaspace       used 13087K, capacity 13449K, committed 13568K, reserved 1060864K
  class space    used 1355K, capacity 1520K, committed 1536K, reserved 1048576K
}
Event: 1.053 GC heap after
{Heap after GC invocations=1 (full 0):
 garbage-first heap   total 260096K, used 4191K [0x0000000702600000, 0x0000000800000000)
  region size 1024K, 3 young (3072K), 3 survivors (3072K)
 Metaspace       used 13087K, capacity 13449K, committed 13568K, reserved 1060864K
  class space    used 1355K, capacity 1520K, committed 1536K, reserved 1048576K
}
Event: 1.591 GC heap before
{Heap before GC invocations=1 (full 0):
 garbage-first heap   total 260096K, used 32863K [0x0000000702600000, 0x0000000800000000)
  region size 1024K, 32 young (32768K), 3 survivors (3072K)
 Metaspace       used 20424K, capacity 21080K, committed 21296K, reserved 1067008K
  class space    used 2549K, capacity 2829K, committed 2944K, reserved 1048576K
}
Event: 1.597 GC heap after
{Heap after GC invocations=2 (full 0):
 garbage-first heap   total 260096K, used 6782K [0x0000000702600000, 0x0000000800000000)
  region size 1024K, 6 young (6144K), 6 survivors (6144K)
 Metaspace       used 20424K, capacity 21080K, committed 21296K, reserved 1067008K
  class space    used 2549K, capacity 2829K, committed 2944K, reserved 1048576K
}
Event: 9.176 GC heap before
{Heap before GC invocations=3 (full 0):
 garbage-first heap   total 260096K, used 76414K [0x0000000702600000, 0x0000000800000000)
  region size 1024K, 39 young (39936K), 6 survivors (6144K)
 Metaspace       used 29444K, capacity 30535K, committed 30768K, reserved 1075200K
  class space    used 3665K, capacity 4107K, committed 4224K, reserved 1048576K
}
Event: 9.184 GC heap after
{Heap after GC invocations=4 (full 0):
 garbage-first heap   total 260096K, used 46244K [0x0000000702600000, 0x0000000800000000)
  region size 1024K, 4 young (4096K), 4 survivors (4096K)
 Metaspace       used 29444K, capacity 30535K, committed 30768K, reserved 1075200K
  class space    used 3665K, capacity 4107K, committed 4224K, reserved 1048576K
}
Event: 91.538 GC heap before
{Heap before GC invocations=4 (full 0):
 garbage-first heap   total 260096K, used 159908K [0x0000000702600000, 0x0000000800000000)
  region size 1024K, 45 young (46080K), 4 survivors (4096K)
 Metaspace       used 30237K, capacity 31328K, committed 31536K, reserved 1077248K
  class space    used 3734K, capacity 4180K, committed 4224K, reserved 1048576K
}
Event: 91.545 GC heap after
{Heap after GC invocations=5 (full 0):
 garbage-first heap   total 260096K, used 17559K [0x0000000702600000, 0x0000000800000000)
  region size 1024K, 5 young (5120K), 5 survivors (5120K)
 Metaspace       used 30237K, capacity 31328K, committed 31536K, reserved 1077248K
  class space    used 3734K, capacity 4180K, committed 4224K, reserved 1048576K
}
Event: 120.802 GC heap before
{Heap before GC invocations=6 (full 0):
 garbage-first heap   total 260096K, used 168087K [0x0000000702600000, 0x0000000800000000)
  region size 1024K, 54 young (55296K), 5 survivors (5120K)
 Metaspace       used 30891K, capacity 31954K, committed 32176K, reserved 1077248K
  class space    used 3777K, capacity 4239K, committed 4352K, reserved 1048576K
}
Event: 120.807 GC heap after
{Heap after GC invocations=7 (full 0):
 garbage-first heap   total 260096K, used 18603K [0x0000000702600000, 0x0000000800000000)
  region size 1024K, 7 young (7168K), 7 survivors (7168K)
 Metaspace       used 30891K, capacity 31954K, committed 32176K, reserved 1077248K
  class space    used 3777K, capacity 4239K, committed 4352K, reserved 1048576K
}

